I, [2019-03-06T17:44:47.153555 #51247]  INFO -- : Registered expected interaction GET /movies
D, [2019-03-06T17:44:47.153821 #51247] DEBUG -- : {
  "description": "a request to list all movies",
  "providerState": "i have a list of movies",
  "request": {
    "method": "GET",
    "path": "/movies"
  },
  "response": {
    "status": 200,
    "headers": {
    },
    "body": {
      "json_class": "Pact::ArrayLike",
      "contents": {
        "id": 1,
        "name": {
          "json_class": "Pact::SomethingLike",
          "contents": "Movie 1"
        },
        "year": {
          "json_class": "Pact::SomethingLike",
          "contents": 1999
        }
      },
      "min": 5
    }
  }
}
I, [2019-03-06T17:44:47.163870 #51247]  INFO -- : Received request GET /movies
D, [2019-03-06T17:44:47.163967 #51247] DEBUG -- : {
  "path": "/movies",
  "query": "",
  "method": "get",
  "headers": {
    "Accept": "application/json, text/plain, */*",
    "User-Agent": "axios/0.18.0",
    "Host": "localhost:4000",
    "Connection": "close",
    "Version": "HTTP/1.1"
  }
}
I, [2019-03-06T17:44:47.164138 #51247]  INFO -- : Found matching response for GET /movies
D, [2019-03-06T17:44:47.164231 #51247] DEBUG -- : {
  "status": 200,
  "headers": {
  },
  "body": {
    "json_class": "Pact::ArrayLike",
    "contents": {
      "id": 1,
      "name": {
        "json_class": "Pact::SomethingLike",
        "contents": "Movie 1"
      },
      "year": {
        "json_class": "Pact::SomethingLike",
        "contents": 1999
      }
    },
    "min": 5
  }
}
I, [2019-03-06T17:44:47.169832 #51247]  INFO -- : Verifying - interactions matched
I, [2019-03-06T17:44:47.173513 #51247]  INFO -- : Cleared interactions
I, [2019-03-06T17:44:47.178237 #51247]  INFO -- : Registered expected interaction GET /movie/2
D, [2019-03-06T17:44:47.178338 #51247] DEBUG -- : {
  "description": "a request to get a movie that exist",
  "providerState": "i have a list of movies",
  "request": {
    "method": "GET",
    "path": "/movie/2"
  },
  "response": {
    "status": 200,
    "headers": {
    }
  }
}
I, [2019-03-06T17:44:47.182670 #51247]  INFO -- : Received request GET /movie/2
D, [2019-03-06T17:44:47.182805 #51247] DEBUG -- : {
  "path": "/movie/2",
  "query": "",
  "method": "get",
  "headers": {
    "Accept": "application/json, text/plain, */*",
    "User-Agent": "axios/0.18.0",
    "Host": "localhost:4000",
    "Connection": "close",
    "Version": "HTTP/1.1"
  }
}
I, [2019-03-06T17:44:47.182976 #51247]  INFO -- : Found matching response for GET /movie/2
D, [2019-03-06T17:44:47.183042 #51247] DEBUG -- : {
  "status": 200,
  "headers": {
  }
}
I, [2019-03-06T17:44:47.186905 #51247]  INFO -- : Verifying - interactions matched
I, [2019-03-06T17:44:47.190558 #51247]  INFO -- : Cleared interactions
I, [2019-03-06T17:44:47.194953 #51247]  INFO -- : Registered expected interaction GET /movie/100
D, [2019-03-06T17:44:47.195046 #51247] DEBUG -- : {
  "description": "a request to get a movie that does not exist",
  "providerState": "i have a list of movies",
  "request": {
    "method": "GET",
    "path": "/movie/100"
  },
  "response": {
    "status": 404,
    "headers": {
    }
  }
}
I, [2019-03-06T17:44:47.198620 #51247]  INFO -- : Received request GET /movie/100
D, [2019-03-06T17:44:47.198724 #51247] DEBUG -- : {
  "path": "/movie/100",
  "query": "",
  "method": "get",
  "headers": {
    "Accept": "application/json, text/plain, */*",
    "User-Agent": "axios/0.18.0",
    "Host": "localhost:4000",
    "Connection": "close",
    "Version": "HTTP/1.1"
  }
}
I, [2019-03-06T17:44:47.198825 #51247]  INFO -- : Found matching response for GET /movie/100
D, [2019-03-06T17:44:47.198868 #51247] DEBUG -- : {
  "status": 404,
  "headers": {
  }
}
I, [2019-03-06T17:44:47.203077 #51247]  INFO -- : Verifying - interactions matched
I, [2019-03-06T17:44:47.206716 #51247]  INFO -- : Cleared interactions
I, [2019-03-06T17:44:47.211018 #51247]  INFO -- : Writing pact for Provider to /Users/marie.cruz/Documents/pact/pacts/consumer-provider.json
